<?xml version="1.0" encoding="UTF-8"?>
<!-- Generated by org.testng.reporters.JUnitReportReporter -->
<testsuite hostname="DFWVDIPW72004" name="poc.test.CucumberRunner" tests="4" failures="0" timestamp="25 Oct 2017 15:21:12 GMT" time="83.902" errors="0">
  <testcase name="feature" time="11.996" classname="poc.test.CucumberRunner"/>
  <testcase name="feature" time="14.776" classname="poc.test.CucumberRunner"/>
  <testcase name="feature" time="46.970" classname="poc.test.CucumberRunner"/>
  <testcase name="feature" time="10.160" classname="poc.test.CucumberRunner"/>
</testsuite> <!-- poc.test.CucumberRunner -->
