<?xml version="1.0" encoding="UTF-8"?>
<!-- Generated by org.testng.reporters.JUnitReportReporter -->
<testsuite hostname="DFWVDIPW72004" name="pop.test.CucumberRunner" tests="4" failures="0" timestamp="18 Sep 2017 13:19:19 GMT" time="71.782" errors="0">
  <testcase name="feature" time="17.553" classname="pop.test.CucumberRunner"/>
  <testcase name="feature" time="10.601" classname="pop.test.CucumberRunner"/>
  <testcase name="feature" time="7.134" classname="pop.test.CucumberRunner"/>
  <testcase name="feature" time="36.494" classname="pop.test.CucumberRunner"/>
</testsuite> <!-- pop.test.CucumberRunner -->
